
 Enter the sides of the cube : 

 xSide = 
 ySide = 
 zSide = 
 Enter distance between adjacent lattice points : 
 Enter the scaling factor(E0) of energy function : 
 Enter the scaling factor(A) of misorientation angle : 
 Enter the incremental time step : 
 Enter the mobility(mu) : 
 Enter the radius bounding the gaussian minima : 
 Do you want to use symmetry operations(y/n)? : 
 Want to read pot minima from file(y/n)? : 
 Enter the total number of potential minima :  Enter depth of inverse Gaussian :  Enter SD of inverse Gaussian :  Enter depth of inverse Gaussian :  Enter SD of inverse Gaussian :  Enter depth of inverse Gaussian :  Enter SD of inverse Gaussian :  Enter depth of inverse Gaussian :  Enter SD of inverse Gaussian :  Enter depth of inverse Gaussian :  Enter SD of inverse Gaussian :  Enter depth of inverse Gaussian :  Enter SD of inverse Gaussian :  Enter depth of inverse Gaussian :  Enter SD of inverse Gaussian :  Enter depth of inverse Gaussian :  Enter SD of inverse Gaussian : 
Option: read lattice orientn from file or slant interface or bicrsytal or bands or columns or continued code(1/2/3/4/5/6)? :
 How long do you want to evolve the quaternions?:
 Enter divisor for noise :    3.14159265358979        57.2957795130823     
  Openning file ../data/minimaEulerAngles.dat                     
  to read the minimum euler angles
  Minimum euler angles has been populated successfully
  Opening file ../data/200_100_3.dat                             
  to read euler angles
  Euler angles has been populated successfully
  Opening file ../data/symm.dat                                  
  to read the symmetry matrices
  Symmetry matrices has been populated successfully
 Elapsed CPU time so far =      0 seconds

 Iteration      time  TimeElapsed
        20    0.0200         517
        40    0.0400        1043
        60    0.0600        1569
        80    0.0800        2095
       100    0.1000        2622
       120    0.1200        3149
       140    0.1400        3668
       160    0.1600        4186
       180    0.1800        4709
       200    0.2000        5227
       220    0.2200        5745
       240    0.2400        6268
       260    0.2600        6786
       280    0.2800        7304
       300    0.3000        7822
       320    0.3200        8340
       340    0.3400        8858
       360    0.3600        9376
       380    0.3800        9896
       400    0.4000       10416
       420    0.4200       10936
       440    0.4400       11455
       460    0.4600       11975
       480    0.4800       12495
       500    0.5000       13017
       520    0.5200       13537
       540    0.5400       14057
       560    0.5600       14577
       580    0.5800       15097
       600    0.6000       15617
       620    0.6200       16137
       640    0.6400       16656
       660    0.6600       17176
       680    0.6800       17696
       700    0.7000       18216
       720    0.7200       18736
       740    0.7400       19256
       760    0.7600       19776
       780    0.7800       20295
       800    0.8000       20815
       820    0.8200       21334
       840    0.8400       21854
       860    0.8600       22372
       880    0.8800       22890
       900    0.9000       23408
       920    0.9200       23926
       940    0.9400       24443
       960    0.9600       24965
       980    0.9800       25497
      1000    1.0000       26031
      1020    1.0200       26569
      1040    1.0400       27101
      1060    1.0600       27631
      1080    1.0800       28149
      1100    1.1000       28666
      1120    1.1200       29184
      1140    1.1400       29702
      1160    1.1600       30219
      1180    1.1800       30736
      1200    1.2000       31256
      1220    1.2200       31781
      1240    1.2400       32306
      1260    1.2600       32831
      1280    1.2800       33356
      1300    1.3000       33881
      1320    1.3200       34406
      1340    1.3400       34931
      1360    1.3600       35456
      1380    1.3800       35981
      1400    1.4000       36506
      1420    1.4200       37031
      1440    1.4400       37556
      1460    1.4600       38081
      1480    1.4800       38606
      1500    1.5000       39132
      1520    1.5200       39657
      1540    1.5400       40182
      1560    1.5600       40707
      1580    1.5800       41232
      1600    1.6000       41757
      1620    1.6200       42282
      1640    1.6400       42807
      1660    1.6600       43332
      1680    1.6800       43857
      1700    1.7000       44382
      1720    1.7200       44907
      1740    1.7400       45432
      1760    1.7600       45952
      1780    1.7800       46470
      1800    1.8000       46987
      1820    1.8200       47504
      1840    1.8400       48021
      1860    1.8600       48538
      1880    1.8800       49055
      1900    1.9000       49572
      1920    1.9200       50089
      1940    1.9400       50606
      1960    1.9600       51123
      1980    1.9800       51640
      2000    2.0000       52159
forrtl: error (78): process killed (SIGTERM)

 Enter the sides of the cube : 

 xSide = 
 ySide = 
 zSide = 
 Enter distance between adjacent lattice points : 
 Enter the scaling factor(E0) of energy function : 
 Enter the scaling factor(A) of misorientation angle : 
 Enter the incremental time step : 
 Enter the mobility(mu) : 
 Enter the radius bounding the gaussian minima : 
 Do you want to use symmetry operations(y/n)? : 
 Want to read pot minima from file(y/n)? : 
 Enter the total number of potential minima :  Enter depth of inverse Gaussian :  Enter SD of inverse Gaussian :  Enter depth of inverse Gaussian :  Enter SD of inverse Gaussian :  Enter depth of inverse Gaussian :  Enter SD of inverse Gaussian :  Enter depth of inverse Gaussian :  Enter SD of inverse Gaussian :  Enter depth of inverse Gaussian :  Enter SD of inverse Gaussian :  Enter depth of inverse Gaussian :  Enter SD of inverse Gaussian :  Enter depth of inverse Gaussian :  Enter SD of inverse Gaussian :  Enter depth of inverse Gaussian :  Enter SD of inverse Gaussian : 
Option: read lattice orientn from file or slant interface or bicrsytal or bands or columns or continued code(1/2/3/4/5/6)? :
 How long do you want to evolve the quaternions?:
 Enter divisor for noise :    3.14159265358979        57.2957795130823     
  Openning file ../data/minimaEulerAngles.dat                     
  to read the minimum euler angles
  Minimum euler angles has been populated successfully
  Opening file ../data/cntdataQuat.dat                           
  to read euler angles
forrtl: severe (59): list-directed I/O syntax error, unit 15, file /home/santi/gg-simulation/source/../data/cntdataQuat.dat
Image              PC        Routine            Line        Source             
TATA.X             080C9C98  Unknown               Unknown  Unknown
TATA.X             080C9790  Unknown               Unknown  Unknown
TATA.X             0809DB35  Unknown               Unknown  Unknown
TATA.X             0807AD58  Unknown               Unknown  Unknown
TATA.X             0807B1FB  Unknown               Unknown  Unknown
TATA.X             0808ACC3  Unknown               Unknown  Unknown
TATA.X             0808A50B  Unknown               Unknown  Unknown
TATA.X             08053AE1  Unknown               Unknown  Unknown
TATA.X             080796D2  Unknown               Unknown  Unknown
TATA.X             0804A0F8  Unknown               Unknown  Unknown
Unknown            005EEE33  Unknown               Unknown  Unknown
TATA.X             08049FB1  Unknown               Unknown  Unknown

 Enter the sides of the cube : 

 xSide = 
 ySide = 
 zSide = 
 Enter distance between adjacent lattice points : 
 Enter the scaling factor(E0) of energy function : 
 Enter the scaling factor(A) of misorientation angle : 
 Enter the incremental time step : 
 Enter the mobility(mu) : 
 Enter the radius bounding the gaussian minima : 
 Do you want to use symmetry operations(y/n)? : 
 Want to read pot minima from file(y/n)? : 
 Enter the total number of potential minima :  Enter depth of inverse Gaussian :  Enter SD of inverse Gaussian :  Enter depth of inverse Gaussian :  Enter SD of inverse Gaussian :  Enter depth of inverse Gaussian :  Enter SD of inverse Gaussian :  Enter depth of inverse Gaussian :  Enter SD of inverse Gaussian :  Enter depth of inverse Gaussian :  Enter SD of inverse Gaussian :  Enter depth of inverse Gaussian :  Enter SD of inverse Gaussian :  Enter depth of inverse Gaussian :  Enter SD of inverse Gaussian :  Enter depth of inverse Gaussian :  Enter SD of inverse Gaussian : 
Option: read lattice orientn from file or slant interface or bicrsytal or bands or columns or continued code(1/2/3/4/5/6)? :
 How long do you want to evolve the quaternions?:
 Enter divisor for noise :    3.14159265358979        57.2957795130823     
  Openning file ../data/minimaEulerAngles.dat                     
  to read the minimum euler angles
  Minimum euler angles has been populated successfully
  Opening file ../data/cntdataQuat.dat                           
  to read euler angles
  Quaternions has been populated successfully
  Opening file ../data/symm.dat                                  
  to read the symmetry matrices
  Symmetry matrices has been populated successfully
 Elapsed CPU time so far =      0 seconds

 Iteration      time  TimeElapsed
        20    0.0200         518
        40    0.0400        1041
        60    0.0600        1565
        80    0.0800        2085
       100    0.1000        2605
       120    0.1200        3127
       140    0.1400        3645
       160    0.1600        4162
       180    0.1800        4682
       200    0.2000        5200
       220    0.2200        5721
       240    0.2400        6242
       260    0.2600        6763
       280    0.2800        7285
       300    0.3000        7808
       320    0.3200        8325
       340    0.3400        8842
       360    0.3600        9364
       380    0.3800        9884
       400    0.4000       10405
       420    0.4200       10923
       440    0.4400       11445
       460    0.4600       11969
       480    0.4800       12486
       500    0.5000       13010
       520    0.5200       13531
       540    0.5400       14051
       560    0.5600       14570
       580    0.5800       15087
       600    0.6000       15605
       620    0.6200       16128
       640    0.6400       16652
       660    0.6600     -197576
       680    0.6800     -197055
       700    0.7000     -196537
       720    0.7200     -196018
       740    0.7400     -195496
       760    0.7600     -194978
       780    0.7800     -194452
       800    0.8000     -193916
       820    0.8200     -193382
       840    0.8400     -192865
       860    0.8600     -192348
       880    0.8800     -191831
       900    0.9000     -191303
       920    0.9200     -190776
       940    0.9400     -190252
       960    0.9600     -189734
       980    0.9800     -189212
      1000    1.0000     -188690
      1020    1.0200     -188170
      1040    1.0400     -187647
      1060    1.0600     -187125
      1080    1.0800     -186607
      1100    1.1000     -186086
      1120    1.1200     -185568
      1140    1.1400     -185047
      1160    1.1600     -184528
      1180    1.1800     -184007
      1200    1.2000     -183490
      1220    1.2200     -182972
      1240    1.2400     -182448
      1260    1.2600     -181928
      1280    1.2800     -181404
      1300    1.3000     -180881
      1320    1.3200     -180361
      1340    1.3400     -179839
      1360    1.3600     -179322
      1380    1.3800     -178804
      1400    1.4000     -178284
      1420    1.4200     -177765
      1440    1.4400     -177246
      1460    1.4600     -176725
      1480    1.4800     -176204
      1500    1.5000     -175678
      1520    1.5200     -175159
      1540    1.5400     -174635
      1560    1.5600     -174113
      1580    1.5800     -173594
      1600    1.6000     -173074
      1620    1.6200     -172553
      1640    1.6400     -172036
      1660    1.6600     -171517
      1680    1.6800     -171000
      1700    1.7000     -170476
      1720    1.7200     -169956
      1740    1.7400     -169433
      1760    1.7600     -168912
      1780    1.7800     -168390
      1800    1.8000     -167868
      1820    1.8200     -167348
      1840    1.8400     -166824
      1860    1.8600     -166300
      1880    1.8800     -165782
      1900    1.9000     -165260
      1920    1.9200     -164736
      1940    1.9400     -164213
      1960    1.9600     -163691
      1980    1.9800     -163174
      2000    2.0000     -162655
      2020    2.0200     -162136
      2040    2.0400     -161617
      2060    2.0600     -161100
      2080    2.0800     -160579
      2100    2.1000     -160056
      2120    2.1200     -159533
      2140    2.1400     -159016
      2160    2.1600     -158492
      2180    2.1800     -157968
      2200    2.2000     -157448
      2220    2.2200     -156925
      2240    2.2400     -156408
      2260    2.2600     -155891
      2280    2.2800     -155373
      2300    2.3000     -154849
      2320    2.3200     -154332
      2340    2.3400     -153809
      2360    2.3600     -153290
      2380    2.3800     -152773
      2400    2.4000     -152254
      2420    2.4200     -151731
      2440    2.4400     -151210
      2460    2.4600     -150686
      2480    2.4800     -150168
      2500    2.5000     -149645
      2520    2.5200     -149124
      2540    2.5400     -148600
      2560    2.5600     -148078
      2580    2.5800     -147560
      2600    2.6000     -147040
      2620    2.6200     -146516
      2640    2.6400     -145997
      2660    2.6600     -145480
      2680    2.6800     -144960
      2700    2.7000     -144443
      2720    2.7200     -143921
      2740    2.7400     -143398
      2760    2.7600     -142880
      2780    2.7800     -142357
      2800    2.8000     -141838
      2820    2.8200     -141321
      2840    2.8400     -140801
      2860    2.8600     -140278
      2880    2.8800     -139759
      2900    2.9000     -139241
      2920    2.9200     -138724
      2940    2.9400     -138201
      2960    2.9600     -137682
      2980    2.9800     -137161
      3000    3.0000     -136636
      3020    3.0200     -136117
      3040    3.0400     -135593
      3060    3.0600     -135076
      3080    3.0800     -134553
      3100    3.1000     -134033
      3120    3.1200     -133515
      3140    3.1400     -132996
      3160    3.1600     -132479
      3180    3.1800     -131963
      3200    3.2000     -131440
      3220    3.2200     -130916
      3240    3.2400     -130399
      3260    3.2600     -129883
      3280    3.2800     -129362
      3300    3.3000     -128840
      3320    3.3200     -128318
      3340    3.3400     -127801
      3360    3.3600     -127277
      3380    3.3800     -126759
      3400    3.4000     -126238
      3420    3.4200     -125721
      3440    3.4400     -125204
      3460    3.4600     -124670
      3480    3.4800     -124146
      3500    3.5000     -123598
      3520    3.5200     -123038
      3540    3.5400     -122492
      3560    3.5600     -121945
      3580    3.5800     -121425
      3600    3.6000     -120891
      3620    3.6200     -120375
      3640    3.6400     -119858
      3660    3.6600     -119342
      3680    3.6800     -118826
      3700    3.7000     -118310
      3720    3.7200     -117793
      3740    3.7400     -117277
      3760    3.7600     -116761
      3780    3.7800     -116245
      3800    3.8000     -115729
      3820    3.8200     -115213
      3840    3.8400     -114697
      3860    3.8600     -114181
      3880    3.8800     -113665
      3900    3.9000     -113149
      3920    3.9200     -112633
      3940    3.9400     -112116
      3960    3.9600     -111599
      3980    3.9800     -111044
      4000    4.0000     -110503
      4020    4.0200     -109960
      4040    4.0400     -109431
      4060    4.0600     -108886
      4080    4.0800     -108355
      4100    4.1000     -107836
      4120    4.1200     -107318
      4140    4.1400     -106791
      4160    4.1600     -106257
      4180    4.1800     -105740
      4200    4.2000     -105211
forrtl: error (78): process killed (SIGTERM)
